0 info it worked if it ends with ok
1 verbose cli [ 'C:\\Program Files\\nodejs\\node.exe',
1 verbose cli   'C:\\Program Files\\nodejs\\node_modules\\npm\\bin\\npm-cli.js',
1 verbose cli   'run',
1 verbose cli   'test' ]
2 info using npm@3.10.10
3 info using node@v6.9.5
4 verbose run-script [ 'pretest', 'test', 'posttest' ]
5 info lifecycle geomblank@0.1.0~pretest: geomblank@0.1.0
6 silly lifecycle geomblank@0.1.0~pretest: no script for pretest, continuing
7 info lifecycle geomblank@0.1.0~test: geomblank@0.1.0
8 verbose lifecycle geomblank@0.1.0~test: unsafe-perm in lifecycle true
9 verbose lifecycle geomblank@0.1.0~test: PATH: C:\Program Files\nodejs\node_modules\npm\bin\node-gyp-bin;C:\Users\grisha\Github\ggolikov\bentley-ottman\node_modules\.bin;C:\cmder\bin;C:\cmder\vendor\git-for-windows\bin;C:\cmder\vendor\git-for-windows\usr\bin;C:\cmder\vendor\git-for-windows\share\vim\vim74;C:\cmder\vendor\conemu-maximus5\ConEmu\Scripts;C:\cmder\vendor\conemu-maximus5;C:\cmder\vendor\conemu-maximus5\ConEmu;C:\Program Files (x86)\AMD APP\bin\x86_64;C:\Program Files (x86)\AMD APP\bin\x86;C:\ProgramData\Oracle\Java\javapath;C:\Windows\system32;C:\Windows;C:\Windows\System32\Wbem;C:\Windows\System32\WindowsPowerShell\v1.0\;C:\Program Files\Intel\WiFi\bin\;C:\Program Files\Common Files\Intel\WirelessCommon\;C:\Git\cmd;C:\Program Files\Microsoft\Web Platform Installer\;C:\Program Files (x86)\ATI Technologies\ATI.ACE\Core-Static;C:\Program Files\TortoiseGit\bin;C:\Program Files\nodejs\;C:\Program Files (x86)\Skype\Phone\;C:\Program Files (x86)\Yarn\bin;C:\Ruby193\bin;C:\Program Files\Intel\WiFi\bin\;C:\Program Files\Common Files\Intel\WirelessCommon\;C:\Users\grisha\AppData\Local\atom\bin;C:\Users\grisha\AppData\Roaming\npm;C:\Users\grisha\AppData\Local\Yarn\.bin;C:\cmder
10 verbose lifecycle geomblank@0.1.0~test: CWD: C:\Users\grisha\Github\ggolikov\bentley-ottman
11 silly lifecycle geomblank@0.1.0~test: Args: [ '/d /s /c', 'mocha ./tests/comparison.test.js' ]
12 silly lifecycle geomblank@0.1.0~test: Returned: code: 1  signal: null
13 info lifecycle geomblank@0.1.0~test: Failed to exec test script
14 verbose stack Error: geomblank@0.1.0 test: `mocha ./tests/comparison.test.js`
14 verbose stack Exit status 1
14 verbose stack     at EventEmitter.<anonymous> (C:\Program Files\nodejs\node_modules\npm\lib\utils\lifecycle.js:255:16)
14 verbose stack     at emitTwo (events.js:106:13)
14 verbose stack     at EventEmitter.emit (events.js:191:7)
14 verbose stack     at ChildProcess.<anonymous> (C:\Program Files\nodejs\node_modules\npm\lib\utils\spawn.js:40:14)
14 verbose stack     at emitTwo (events.js:106:13)
14 verbose stack     at ChildProcess.emit (events.js:191:7)
14 verbose stack     at maybeClose (internal/child_process.js:877:16)
14 verbose stack     at Process.ChildProcess._handle.onexit (internal/child_process.js:226:5)
15 verbose pkgid geomblank@0.1.0
16 verbose cwd C:\Users\grisha\Github\ggolikov\bentley-ottman
17 error Windows_NT 6.1.7601
18 error argv "C:\\Program Files\\nodejs\\node.exe" "C:\\Program Files\\nodejs\\node_modules\\npm\\bin\\npm-cli.js" "run" "test"
19 error node v6.9.5
20 error npm  v3.10.10
21 error code ELIFECYCLE
22 error geomblank@0.1.0 test: `mocha ./tests/comparison.test.js`
22 error Exit status 1
23 error Failed at the geomblank@0.1.0 test script 'mocha ./tests/comparison.test.js'.
23 error Make sure you have the latest version of node.js and npm installed.
23 error If you do, this is most likely a problem with the geomblank package,
23 error not with npm itself.
23 error Tell the author that this fails on your system:
23 error     mocha ./tests/comparison.test.js
23 error You can get information on how to open an issue for this project with:
23 error     npm bugs geomblank
23 error Or if that isn't available, you can get their info via:
23 error     npm owner ls geomblank
23 error There is likely additional logging output above.
24 verbose exit [ 1, true ]
